<?xml version="1.0" encoding="UTF-8"?>
<!-- Generated by org.testng.reporters.JUnitReportReporter -->
<testsuite skipped="0" hostname="L-BG-P10406375" name="uk.co.capita.advantagecontractor.tests.contractsetup.contractorvariance.CreateContractorVarianceForAContractTest" tests="1" failures="1" timestamp="09 Jan 2018 06:55:24 GMT" time="101.700" errors="0">
  <testcase name="createContractorVarianceForAContractTest" time="101.700" classname="uk.co.capita.advantagecontractor.tests.contractsetup.contractorvariance.CreateContractorVarianceForAContractTest">
    <failure type="java.lang.AssertionError" message="Unable to enter Trade variance details and save">
      <![CDATA[java.lang.AssertionError: Unable to enter Trade variance details and save
	at org.testng.Assert.fail(Assert.java:93)
	at uk.co.capita.advantagecontractor.basetest.BaseTest.reportFailure(BaseTest.java:258)
	at uk.co.capita.advantagecontractor.tests.contractsetup.contractorvariance.CreateContractorVarianceForAContractTest.createContractorVarianceForAContractTest(CreateContractorVarianceForAContractTest.java:89)
	at sun.reflect.NativeMethodAccessorImpl.invoke0(Native Method)
	at sun.reflect.NativeMethodAccessorImpl.invoke(Unknown Source)
	at sun.reflect.DelegatingMethodAccessorImpl.invoke(Unknown Source)
	at java.lang.reflect.Method.invoke(Unknown Source)
	at org.testng.internal.MethodInvocationHelper.invokeMethod(MethodInvocationHelper.java:108)
	at org.testng.internal.Invoker.invokeMethod(Invoker.java:661)
	at org.testng.internal.Invoker.invokeTestMethod(Invoker.java:869)
	at org.testng.internal.Invoker.invokeTestMethods(Invoker.java:1193)
	at org.testng.internal.TestMethodWorker.invokeTestMethods(TestMethodWorker.java:126)
	at org.testng.internal.TestMethodWorker.run(TestMethodWorker.java:109)
	at org.testng.TestRunner.privateRun(TestRunner.java:744)
	at org.testng.TestRunner.run(TestRunner.java:602)
	at org.testng.SuiteRunner.runTest(SuiteRunner.java:380)
	at org.testng.SuiteRunner.runSequentially(SuiteRunner.java:375)
	at org.testng.SuiteRunner.privateRun(SuiteRunner.java:340)
	at org.testng.SuiteRunner.run(SuiteRunner.java:289)
	at org.testng.SuiteRunnerWorker.runSuite(SuiteRunnerWorker.java:52)
	at org.testng.SuiteRunnerWorker.run(SuiteRunnerWorker.java:86)
	at org.testng.TestNG.runSuitesSequentially(TestNG.java:1301)
	at org.testng.TestNG.runSuitesLocally(TestNG.java:1226)
	at org.testng.TestNG.runSuites(TestNG.java:1144)
	at org.testng.TestNG.run(TestNG.java:1115)
	at org.testng.remote.AbstractRemoteTestNG.run(AbstractRemoteTestNG.java:114)
	at org.testng.remote.RemoteTestNG.initAndRun(RemoteTestNG.java:251)
	at org.testng.remote.RemoteTestNG.main(RemoteTestNG.java:77)
]]>
    </failure>
  </testcase> <!-- createContractorVarianceForAContractTest -->
</testsuite> <!-- uk.co.capita.advantagecontractor.tests.contractsetup.contractorvariance.CreateContractorVarianceForAContractTest -->
