<?xml version="1.0" encoding="UTF-8"?>
<!-- Generated by org.testng.reporters.JUnitXMLReporter -->
<testsuite hostname="L-BG-P10405304" ignored="0" name="LoginWithValidCredTest" tests="1" failures="1" timestamp="07 Dec 2017 12:25:14 GMT" time="37.53" errors="0">
  <testcase name="editRepairsContract" time="37.277" classname="uk.co.capita.advantagecontractor.tests.contractsetup.EditRepairsContractTest">
    <failure type="java.lang.AssertionError" message="Unable to search for the contract and click on edit button">
      <![CDATA[java.lang.AssertionError: Unable to search for the contract and click on edit button
	at uk.co.capita.advantagecontractor.basetest.BaseTest.reportFailure(BaseTest.java:250)
	at uk.co.capita.advantagecontractor.tests.contractsetup.EditRepairsContractTest.editRepairsContract(EditRepairsContractTest.java:61)
... Removed 26 stack frames]]>
    </failure>
  </testcase> <!-- editRepairsContract -->
</testsuite> <!-- LoginWithValidCredTest -->
